<?xml version="1.0" encoding="UTF-8"?>
<!-- Generated by org.testng.reporters.JUnitReportReporter -->
<testsuite skipped="0" hostname="ip-172-31-31-82" name="testcases.LoginTest" tests="2" failures="0" timestamp="23 Apr 2023 07:24:52 GMT" time="5.244" errors="0">
  <testcase name="LoginNegative" time="2.413" classname="testcases.LoginTest"/>
  <testcase name="LoginPositive" time="2.831" classname="testcases.LoginTest"/>
</testsuite> <!-- testcases.LoginTest -->
